This is pdfTeX, Version 3.14159265-2.6-1.40.17 (TeX Live 2016) (preloaded format=pdflatex 2017.4.27)  19 APR 2018 15:13
entering extended mode
 restricted \write18 enabled.
 file:line:error style messages enabled.
 %&-line parsing enabled.
**Macro_BIO235.sty
(./Macro_BIO235.sty
LaTeX2e <2016/03/31>
Babel <3.9r> and hyphenation patterns for 83 language(s) loaded.
./Macro_BIO235.sty:54: Undefined control sequence.
l.54 \definecolor
                 {blue}{rgb}{0,0,1}
? 
./Macro_BIO235.sty:54: Emergency stop.
l.54 \definecolor
                 {blue}{rgb}{0,0,1}
End of file on the terminal!

 
Here is how much of TeX's memory you used:
 50 strings out of 493014
 318 string characters out of 6133351
 53601 words of memory out of 5000000
 3692 multiletter control sequences out of 15000+600000
 3640 words of font info for 14 fonts, out of 8000000 for 9000
 1141 hyphenation exceptions out of 8191
 7i,0n,6p,77b,8s stack positions out of 5000i,500n,10000p,200000b,80000s
./Macro_BIO235.sty:54:  ==> Fatal error occurred, no output PDF file produced!
