\BOOKMARK [1][-]{Section.0.Introduction.1}{Introduction}{}% 1
\BOOKMARK [1][-]{Section.1.Models and software.1}{Models and software}{}% 2
\BOOKMARK [2][-]{Subsection.2.0.Cross-Validated Ensemble of Kernels.2}{Cross-Validated Ensemble of Kernels}{Section.1.Models and software.1}% 3
\BOOKMARK [3][-]{Subsubsection.2.1.0.{Overview}.3}{Overview}{Subsection.2.0.Cross-Validated Ensemble of Kernels.2}% 4
\BOOKMARK [3][-]{Subsubsection.2.1.1.{Tuning Parameter Selection}.3}{Tuning Parameter Selection}{Subsection.2.0.Cross-Validated Ensemble of Kernels.2}% 5
\BOOKMARK [3][-]{Subsubsection.2.1.2.{Ensemble Strategy}.3}{Ensemble Strategy}{Subsection.2.0.Cross-Validated Ensemble of Kernels.2}% 6
\BOOKMARK [3][-]{Subsubsection.2.1.3.{Kernel Choice}.3}{Kernel Choice}{Subsection.2.0.Cross-Validated Ensemble of Kernels.2}% 7
\BOOKMARK [2][-]{Subsection.2.1.Hypothesis Test.2}{Hypothesis Test}{Section.1.Models and software.1}% 8
\BOOKMARK [3][-]{Subsubsection.2.2.0.{Asymptotic Test}.3}{Asymptotic Test}{Subsection.2.1.Hypothesis Test.2}% 9
\BOOKMARK [3][-]{Subsubsection.2.2.1.{Bootstrap Test}.3}{Bootstrap Test}{Subsection.2.1.Hypothesis Test.2}% 10
\BOOKMARK [1][-]{Section.2.Illustrations.1}{Illustrations}{}% 11
\BOOKMARK [2][-]{Subsection.3.0.Model Definition.2}{Model Definition}{Section.2.Illustrations.1}% 12
\BOOKMARK [2][-]{Subsection.3.1.Estimation.2}{Estimation}{Section.2.Illustrations.1}% 13
\BOOKMARK [2][-]{Subsection.3.2.Testing.2}{Testing}{Section.2.Illustrations.1}% 14
\BOOKMARK [1][-]{Section.3.Summary and discussion.1}{Summary and discussion}{}% 15
\BOOKMARK [1][-]{Section..Derivation of Derivative wrt lambda.1}{Derivation of Derivative wrt lambda}{}% 16
\BOOKMARK [2][-]{Subsection.A.0.Derivative of REML.2}{Derivative of REML}{Section..Derivation of Derivative wrt lambda.1}% 17
\BOOKMARK [2][-]{Subsection.A.1.Derivative of GCV.2}{Derivative of GCV}{Section..Derivation of Derivative wrt lambda.1}% 18
\BOOKMARK [2][-]{Subsection.A.2.Derivative of AIC.2}{Derivative of AIC}{Section..Derivation of Derivative wrt lambda.1}% 19
\BOOKMARK [1][-]{Section.A.Derivation of the REML based Test Statistic.1}{Derivation of the REML based Test Statistic}{}% 20
\BOOKMARK [2][-]{Subsection.B.0.Derivation of the Score Test Statistic.2}{Derivation of the Score Test Statistic}{Section.A.Derivation of the REML based Test Statistic.1}% 21
\BOOKMARK [2][-]{Subsection.B.1.The Null Distribution of the Test Statistic.2}{The Null Distribution of the Test Statistic}{Section.A.Derivation of the REML based Test Statistic.1}% 22
\BOOKMARK [1][-]{Section.B.Figures for 4 Different beta's of Exponential Weighting.1}{Figures for 4 Different beta's of Exponential Weighting}{}% 23
