This is pdfTeX, Version 3.14159265-2.6-1.40.17 (TeX Live 2016) (preloaded format=pdflatex 2017.4.27)  21 MAY 2018 08:57
entering extended mode
 restricted \write18 enabled.
 file:line:error style messages enabled.
 %&-line parsing enabled.
**20180520.tex
(./20180520.tex
LaTeX2e <2016/03/31>
Babel <3.9r> and hyphenation patterns for 83 language(s) loaded.
(/usr/local/texlive/2016/texmf-dist/tex/latex/base/article.cls
Document Class: article 2014/09/29 v1.4h Standard LaTeX document class
(/usr/local/texlive/2016/texmf-dist/tex/latex/base/size11.clo
File: size11.clo 2014/09/29 v1.4h Standard LaTeX file (size option)
)
\c@part=\count79
\c@section=\count80
\c@subsection=\count81
\c@subsubsection=\count82
\c@paragraph=\count83
\c@subparagraph=\count84
\c@figure=\count85
\c@table=\count86
\abovecaptionskip=\skip41
\belowcaptionskip=\skip42
\bibindent=\dimen102
)
(/usr/local/texlive/2016/texmf-dist/tex/latex/natbib/natbib.sty
Package: natbib 2010/09/13 8.31b (PWD, AO)
\bibhang=\skip43
\bibsep=\skip44
LaTeX Info: Redefining \cite on input line 694.
\c@NAT@ctr=\count87
)
(/usr/local/texlive/2016/texmf-dist/tex/latex/psnfss/mathpazo.sty
Package: mathpazo 2005/04/12 PSNFSS-v9.2a Palatino w/ Pazo Math (D.Puga, WaS) 
\symupright=\mathgroup4
)
(/usr/local/texlive/2016/texmf-dist/tex/latex/eulervm/eulervm.sty
Package: eulervm 2005/01/11 v4.0 (WaS)
)
(/usr/local/texlive/2016/texmf-dist/tex/latex/psnfss/courier.sty
Package: courier 2005/04/12 PSNFSS-v9.2a (WaS) 
)
(/usr/local/texlive/2016/texmf-dist/tex/latex/amsmath/amsmath.sty
Package: amsmath 2016/03/10 v2.15b AMS math features
\@mathmargin=\skip45

For additional information on amsmath, use the `?' option.
(/usr/local/texlive/2016/texmf-dist/tex/latex/amsmath/amstext.sty
Package: amstext 2000/06/29 v2.01 AMS text

(/usr/local/texlive/2016/texmf-dist/tex/latex/amsmath/amsgen.sty
File: amsgen.sty 1999/11/30 v2.0 generic functions
\@emptytoks=\toks14
\ex@=\dimen103
))
(/usr/local/texlive/2016/texmf-dist/tex/latex/amsmath/amsbsy.sty
Package: amsbsy 1999/11/29 v1.2d Bold Symbols
\pmbraise@=\dimen104
)
(/usr/local/texlive/2016/texmf-dist/tex/latex/amsmath/amsopn.sty
Package: amsopn 2016/03/08 v2.02 operator names
)
\inf@bad=\count88
LaTeX Info: Redefining \frac on input line 199.
\uproot@=\count89
\leftroot@=\count90
LaTeX Info: Redefining \overline on input line 297.
\classnum@=\count91
\DOTSCASE@=\count92
LaTeX Info: Redefining \ldots on input line 394.
LaTeX Info: Redefining \dots on input line 397.
LaTeX Info: Redefining \cdots on input line 518.
\Mathstrutbox@=\box26
\strutbox@=\box27
\big@size=\dimen105
LaTeX Font Info:    Redeclaring font encoding OML on input line 634.
LaTeX Font Info:    Redeclaring font encoding OMS on input line 635.
\macc@depth=\count93
\c@MaxMatrixCols=\count94
\dotsspace@=\muskip10
\c@parentequation=\count95
\dspbrk@lvl=\count96
\tag@help=\toks15
\row@=\count97
\column@=\count98
\maxfields@=\count99
\andhelp@=\toks16
\eqnshift@=\dimen106
\alignsep@=\dimen107
\tagshift@=\dimen108
\tagwidth@=\dimen109
\totwidth@=\dimen110
\lineht@=\dimen111
\@envbody=\toks17
\multlinegap=\skip46
\multlinetaggap=\skip47
\mathdisplay@stack=\toks18
LaTeX Info: Redefining \[ on input line 2739.
LaTeX Info: Redefining \] on input line 2740.
)
(/usr/local/texlive/2016/texmf-dist/tex/latex/comment/comment.sty
\CommentStream=\write3

Excluding comment 'comment')
(/usr/local/texlive/2016/texmf-dist/tex/latex/tools/enumerate.sty
Package: enumerate 2015/07/23 v3.00 enumerate extensions (DPC)
\@enLab=\toks19
)
(/usr/local/texlive/2016/texmf-dist/tex/latex/xcolor/xcolor.sty
Package: xcolor 2016/05/11 v2.12 LaTeX color extensions (UK)

(/usr/local/texlive/2016/texmf-dist/tex/latex/graphics-cfg/color.cfg
File: color.cfg 2016/01/02 v1.6 sample color configuration
)
Package xcolor Info: Driver file: pdftex.def on input line 225.

(/usr/local/texlive/2016/texmf-dist/tex/latex/pdftex-def/pdftex.def
File: pdftex.def 2011/05/27 v0.06d Graphics/color for pdfTeX

(/usr/local/texlive/2016/texmf-dist/tex/generic/oberdiek/infwarerr.sty
Package: infwarerr 2016/05/16 v1.4 Providing info/warning/error messages (HO)
)
(/usr/local/texlive/2016/texmf-dist/tex/generic/oberdiek/ltxcmds.sty
Package: ltxcmds 2016/05/16 v1.23 LaTeX kernel commands for general use (HO)
)
\Gread@gobject=\count100
)
Package xcolor Info: Model `cmy' substituted by `cmy0' on input line 1348.
Package xcolor Info: Model `hsb' substituted by `rgb' on input line 1352.
Package xcolor Info: Model `RGB' extended on input line 1364.
Package xcolor Info: Model `HTML' substituted by `rgb' on input line 1366.
Package xcolor Info: Model `Hsb' substituted by `hsb' on input line 1367.
Package xcolor Info: Model `tHsb' substituted by `hsb' on input line 1368.
Package xcolor Info: Model `HSB' substituted by `hsb' on input line 1369.
Package xcolor Info: Model `Gray' substituted by `gray' on input line 1370.
Package xcolor Info: Model `wave' substituted by `hsb' on input line 1371.
)
(/usr/local/texlive/2016/texmf-dist/tex/latex/algorithms/algorithm.sty
Package: algorithm 2009/08/24 v0.1 Document Style `algorithm' - floating enviro
nment

(/usr/local/texlive/2016/texmf-dist/tex/latex/float/float.sty
Package: float 2001/11/08 v1.3d Float enhancements (AL)
\c@float@type=\count101
\float@exts=\toks20
\float@box=\box28
\@float@everytoks=\toks21
\@floatcapt=\box29
)
(/usr/local/texlive/2016/texmf-dist/tex/latex/base/ifthen.sty
Package: ifthen 2014/09/29 v1.1c Standard LaTeX ifthen package (DPC)
)
\@float@every@algorithm=\toks22
\c@algorithm=\count102
)
(/usr/local/texlive/2016/texmf-dist/tex/latex/algorithmicx/algpseudocode.sty
Package: algpseudocode 

(/usr/local/texlive/2016/texmf-dist/tex/latex/algorithmicx/algorithmicx.sty
Package: algorithmicx 2005/04/27 v1.2 Algorithmicx

Document Style algorithmicx 1.2 - a greatly improved `algorithmic' style
\c@ALG@line=\count103
\c@ALG@rem=\count104
\c@ALG@nested=\count105
\ALG@tlm=\skip48
\ALG@thistlm=\skip49
\c@ALG@Lnr=\count106
\c@ALG@blocknr=\count107
\c@ALG@storecount=\count108
\c@ALG@tmpcounter=\count109
\ALG@tmplength=\skip50
)
Document Style - pseudocode environments for use with the `algorithmicx' style
) (/usr/local/texlive/2016/texmf-dist/tex/latex/titling/titling.sty
Package: titling 2009/09/04 v2.1d maketitle typesetting
\thanksmarkwidth=\skip51
\thanksmargin=\skip52
\droptitle=\skip53
)
(/usr/local/texlive/2016/texmf-dist/tex/latex/tools/verbatim.sty
Package: verbatim 2014/10/28 v1.5q LaTeX2e package for verbatim enhancements
\every@verbatim=\toks23
\verbatim@line=\toks24
\verbatim@in@stream=\read1
)
(/usr/local/texlive/2016/texmf-dist/tex/latex/geometry/geometry.sty
Package: geometry 2010/09/12 v5.6 Page Geometry

(/usr/local/texlive/2016/texmf-dist/tex/latex/graphics/keyval.sty
Package: keyval 2014/10/28 v1.15 key=value parser (DPC)
\KV@toks@=\toks25
)
(/usr/local/texlive/2016/texmf-dist/tex/generic/oberdiek/ifpdf.sty
Package: ifpdf 2016/05/14 v3.1 Provides the ifpdf switch
)
(/usr/local/texlive/2016/texmf-dist/tex/generic/oberdiek/ifvtex.sty
Package: ifvtex 2016/05/16 v1.6 Detect VTeX and its facilities (HO)
Package ifvtex Info: VTeX not detected.
)
(/usr/local/texlive/2016/texmf-dist/tex/generic/ifxetex/ifxetex.sty
Package: ifxetex 2010/09/12 v0.6 Provides ifxetex conditional
)
\Gm@cnth=\count110
\Gm@cntv=\count111
\c@Gm@tempcnt=\count112
\Gm@bindingoffset=\dimen112
\Gm@wd@mp=\dimen113
\Gm@odd@mp=\dimen114
\Gm@even@mp=\dimen115
\Gm@layoutwidth=\dimen116
\Gm@layoutheight=\dimen117
\Gm@layouthoffset=\dimen118
\Gm@layoutvoffset=\dimen119
\Gm@dimlist=\toks26
)
(/usr/local/texlive/2016/texmf-dist/tex/latex/subfigure/subfigure.sty
Package: subfigure 2002/03/15 v2.1.5 subfigure package
\subfigtopskip=\skip54
\subfigcapskip=\skip55
\subfigcaptopadj=\dimen120
\subfigbottomskip=\skip56
\subfigcapmargin=\dimen121
\subfiglabelskip=\skip57
\c@subfigure=\count113
\c@lofdepth=\count114
\c@subtable=\count115
\c@lotdepth=\count116

****************************************
* Local config file subfigure.cfg used *
****************************************
(/usr/local/texlive/2016/texmf-dist/tex/latex/subfigure/subfigure.cfg)
\subfig@top=\skip58
\subfig@bottom=\skip59
)
(/usr/local/texlive/2016/texmf-dist/tex/latex/subfig/subfig.sty
Package: subfig 2005/06/28 ver: 1.3 subfig package

(/usr/local/texlive/2016/texmf-dist/tex/latex/caption/caption.sty
Package: caption 2016/02/21 v3.3-144 Customizing captions (AR)

(/usr/local/texlive/2016/texmf-dist/tex/latex/caption/caption3.sty
Package: caption3 2016/02/04 v1.7-139 caption3 kernel (AR)
Package caption3 Info: TeX engine: e-TeX on input line 67.
\captionmargin=\dimen122
\captionmargin@=\dimen123
\captionwidth=\dimen124
\caption@tempdima=\dimen125
\caption@indent=\dimen126
\caption@parindent=\dimen127
\caption@hangindent=\dimen128
)
\c@ContinuedFloat=\count117
Package caption Info: float package is loaded.
Package caption Info: subfigure package is loaded.
)
\c@KVtest=\count118
\sf@farskip=\skip60
\sf@captopadj=\dimen129
\sf@capskip=\skip61
\sf@nearskip=\skip62
\sf@top=\skip63
\sf@bottom=\skip64
)
(/usr/local/texlive/2016/texmf-dist/tex/latex/graphics/graphicx.sty
Package: graphicx 2014/10/28 v1.0g Enhanced LaTeX Graphics (DPC,SPQR)

(/usr/local/texlive/2016/texmf-dist/tex/latex/graphics/graphics.sty
Package: graphics 2016/05/09 v1.0r Standard LaTeX Graphics (DPC,SPQR)

(/usr/local/texlive/2016/texmf-dist/tex/latex/graphics/trig.sty
Package: trig 2016/01/03 v1.10 sin cos tan (DPC)
)
(/usr/local/texlive/2016/texmf-dist/tex/latex/graphics-cfg/graphics.cfg
File: graphics.cfg 2016/01/02 v1.10 sample graphics configuration
)
Package graphics Info: Driver file: pdftex.def on input line 96.
)
\Gin@req@height=\dimen130
\Gin@req@width=\dimen131
)
(/usr/local/texlive/2016/texmf-dist/tex/latex/listings/listings.sty
\lst@mode=\count119
\lst@gtempboxa=\box30
\lst@token=\toks27
\lst@length=\count120
\lst@currlwidth=\dimen132
\lst@column=\count121
\lst@pos=\count122
\lst@lostspace=\dimen133
\lst@width=\dimen134
\lst@newlines=\count123
\lst@lineno=\count124
\lst@maxwidth=\dimen135

(/usr/local/texlive/2016/texmf-dist/tex/latex/listings/lstmisc.sty
File: lstmisc.sty 2015/06/04 1.6 (Carsten Heinz)
\c@lstnumber=\count125
\lst@skipnumbers=\count126
\lst@framebox=\box31
)
(/usr/local/texlive/2016/texmf-dist/tex/latex/listings/listings.cfg
File: listings.cfg 2015/06/04 1.6 listings configuration
))
Package: listings 2015/06/04 1.6 (Carsten Heinz)

(./macro/GrandMacros.sty) (./macro/Macro_BIO235.sty) (./20180520.aux

LaTeX Warning: Label `alg:cvek' multiply defined.


LaTeX Warning: Label `fig:res' multiply defined.


LaTeX Warning: Label `fig:res' multiply defined.


LaTeX Warning: Label `fig:res' multiply defined.


LaTeX Warning: Label `fig:res' multiply defined.

)
\openout1 = `20180520.aux'.

LaTeX Font Info:    Checking defaults for OML/cmm/m/it on input line 47.
LaTeX Font Info:    ... okay on input line 47.
LaTeX Font Info:    Checking defaults for T1/cmr/m/n on input line 47.
LaTeX Font Info:    ... okay on input line 47.
LaTeX Font Info:    Checking defaults for OT1/cmr/m/n on input line 47.
LaTeX Font Info:    ... okay on input line 47.
LaTeX Font Info:    Checking defaults for OMS/cmsy/m/n on input line 47.
LaTeX Font Info:    ... okay on input line 47.
LaTeX Font Info:    Checking defaults for OMX/cmex/m/n on input line 47.
LaTeX Font Info:    ... okay on input line 47.
LaTeX Font Info:    Checking defaults for U/cmr/m/n on input line 47.
LaTeX Font Info:    ... okay on input line 47.
LaTeX Font Info:    Try loading font information for OT1+ppl on input line 47.
 (/usr/local/texlive/2016/texmf-dist/tex/latex/psnfss/ot1ppl.fd
File: ot1ppl.fd 2001/06/04 font definitions for OT1/ppl.
)
(/usr/local/texlive/2016/texmf-dist/tex/context/base/mkii/supp-pdf.mkii
[Loading MPS to PDF converter (version 2006.09.02).]
\scratchcounter=\count127
\scratchdimen=\dimen136
\scratchbox=\box32
\nofMPsegments=\count128
\nofMParguments=\count129
\everyMPshowfont=\toks28
\MPscratchCnt=\count130
\MPscratchDim=\dimen137
\MPnumerator=\count131
\makeMPintoPDFobject=\count132
\everyMPtoPDFconversion=\toks29
)
*geometry* driver: auto-detecting
*geometry* detected driver: pdftex
*geometry* verbose mode - [ preamble ] result:
* driver: pdftex
* paper: <default>
* layout: <same size as paper>
* layoutoffset:(h,v)=(0.0pt,0.0pt)
* modes: 
* h-part:(L,W,R)=(72.26999pt, 469.75502pt, 72.26999pt)
* v-part:(T,H,B)=(72.26999pt, 650.43001pt, 72.26999pt)
* \paperwidth=614.295pt
* \paperheight=794.96999pt
* \textwidth=469.75502pt
* \textheight=650.43001pt
* \oddsidemargin=0.0pt
* \evensidemargin=0.0pt
* \topmargin=-37.0pt
* \headheight=12.0pt
* \headsep=25.0pt
* \topskip=11.0pt
* \footskip=30.0pt
* \marginparwidth=59.0pt
* \marginparsep=10.0pt
* \columnsep=10.0pt
* \skip\footins=10.0pt plus 4.0pt minus 2.0pt
* \hoffset=0.0pt
* \voffset=0.0pt
* \mag=1000
* \@twocolumnfalse
* \@twosidefalse
* \@mparswitchfalse
* \@reversemarginfalse
* (1in=72.27pt=25.4mm, 1cm=28.453pt)

Package caption Info: Begin \AtBeginDocument code.
Package caption Info: subfig package v1.3 is loaded.
Package caption Info: listings package is loaded.
Package caption Info: End \AtBeginDocument code.
(/usr/local/texlive/2016/texmf-dist/tex/generic/oberdiek/pdftexcmds.sty
Package: pdftexcmds 2016/05/10 v0.21 Utility functions of pdfTeX for LuaTeX (HO
)

(/usr/local/texlive/2016/texmf-dist/tex/generic/oberdiek/ifluatex.sty
Package: ifluatex 2016/05/16 v1.4 Provides the ifluatex switch (HO)
Package ifluatex Info: LuaTeX not detected.
)
Package pdftexcmds Info: LuaTeX not detected.
Package pdftexcmds Info: \pdf@primitive is available.
Package pdftexcmds Info: \pdf@ifprimitive is available.
Package pdftexcmds Info: \pdfdraftmode found.
)
(/usr/local/texlive/2016/texmf-dist/tex/latex/oberdiek/epstopdf-base.sty
Package: epstopdf-base 2016/05/15 v2.6 Base part for package epstopdf

(/usr/local/texlive/2016/texmf-dist/tex/latex/oberdiek/grfext.sty
Package: grfext 2016/05/16 v1.2 Manage graphics extensions (HO)

(/usr/local/texlive/2016/texmf-dist/tex/generic/oberdiek/kvdefinekeys.sty
Package: kvdefinekeys 2016/05/16 v1.4 Define keys (HO)
))
(/usr/local/texlive/2016/texmf-dist/tex/latex/oberdiek/kvoptions.sty
Package: kvoptions 2016/05/16 v3.12 Key value format for package options (HO)

(/usr/local/texlive/2016/texmf-dist/tex/generic/oberdiek/kvsetkeys.sty
Package: kvsetkeys 2016/05/16 v1.17 Key value parser (HO)

(/usr/local/texlive/2016/texmf-dist/tex/generic/oberdiek/etexcmds.sty
Package: etexcmds 2016/05/16 v1.6 Avoid name clashes with e-TeX commands (HO)
Package etexcmds Info: Could not find \expanded.
(etexcmds)             That can mean that you are not using pdfTeX 1.50 or
(etexcmds)             that some package has redefined \expanded.
(etexcmds)             In the latter case, load this package earlier.
)))
Package grfext Info: Graphics extension search list:
(grfext)             [.png,.pdf,.jpg,.mps,.jpeg,.jbig2,.jb2,.PNG,.PDF,.JPG,.JPE
G,.JBIG2,.JB2,.eps]
(grfext)             \AppendGraphicsExtensions on input line 456.

(/usr/local/texlive/2016/texmf-dist/tex/latex/latexconfig/epstopdf-sys.cfg
File: epstopdf-sys.cfg 2010/07/13 v1.3 Configuration of (r)epstopdf for TeX Liv
e
))
\c@lstlisting=\count133
LaTeX Font Info:    Try loading font information for U+zeur on input line 63.

(/usr/local/texlive/2016/texmf-dist/tex/latex/eulervm/uzeur.fd
File: uzeur.fd 2005/01/11 v4.0 (WaS)
)
LaTeX Font Info:    Try loading font information for U+zeus on input line 63.

(/usr/local/texlive/2016/texmf-dist/tex/latex/eulervm/uzeus.fd
File: uzeus.fd 2005/01/11 v4.0 (WaS)
)
LaTeX Font Info:    Try loading font information for U+zeuex on input line 63.

(/usr/local/texlive/2016/texmf-dist/tex/latex/eulervm/uzeuex.fd
File: uzeuex.fd 2005/01/11 v4.0 (WaS)
)
LaTeX Font Info:    Try loading font information for OT1+zplm on input line 63.


(/usr/local/texlive/2016/texmf-dist/tex/latex/psnfss/ot1zplm.fd
File: ot1zplm.fd 2002/09/08 Fontinst v1.914 font definitions for OT1/zplm.
)
LaTeX Font Info:    Font shape `OT1/ppl/bx/n' in size <14.4> not available
(Font)              Font shape `OT1/ppl/b/n' tried instead on input line 67.

(./20180520.toc
LaTeX Font Info:    Font shape `OT1/ppl/bx/n' in size <10.95> not available
(Font)              Font shape `OT1/ppl/b/n' tried instead on input line 1.
)
\tf@toc=\write4
\openout4 = `20180520.toc'.

 [1

{/usr/local/texlive/2016/texmf-var/fonts/map/pdftex/updmap/pdftex.map}]
LaTeX Font Info:    Font shape `OT1/ppl/bx/n' in size <12> not available
(Font)              Font shape `OT1/ppl/b/n' tried instead on input line 76.
LaTeX Font Info:    Try loading font information for U+fplmbb on input line 80.

 (/usr/local/texlive/2016/texmf-dist/tex/latex/psnfss/ufplmbb.fd
File: ufplmbb.fd 2003/10/30 Fontinst v1.914 font definitions for U/fplmbb.
)
[2

]
LaTeX Font Info:    Try loading font information for OT1+pcr on input line 104.

 (/usr/local/texlive/2016/texmf-dist/tex/latex/psnfss/ot1pcr.fd
File: ot1pcr.fd 2001/06/04 font definitions for OT1/pcr.
) [3]
Overfull \hbox (4.83357pt too wide) in paragraph at lines 156--158
\OT1/ppl/m/n/10.95 Based on the idea of "model fit + model com-plex-ity", Akaik
e's In-for-ma-tion Cri-te-rion (AIC) [Akaike,
 []

[4] [5]
Underfull \hbox (badness 10000) in paragraph at lines 239--241

 []

[6] [7] [8] [9] [10]
Underfull \hbox (badness 10000) in paragraph at lines 421--422

 []

Missing character: There is no ≈ in font pplr7t!
Missing character: There is no Ø in font pplr7t!
Missing character: There is no ≈ in font pplr7t!
Missing character: There is no æ in font pplr7t!
Missing character: There is no √ in font pplr7t!
Missing character: There is no ° in font pplr7t!
[11]
Missing character: There is no ‚ in font pplr7t!
Missing character: There is no Ä in font pplr7t!
Missing character: There is no ò in font pplr7t!
Missing character: There is no ‚ in font pplr7t!
Missing character: There is no Ä in font pplr7t!
Missing character: There is no ô in font pplr7t!

Underfull \hbox (badness 10000) in paragraph at lines 438--442

 []

[12] [13] <L1.pdf, id=63, 794.97pt x 650.43pt>
File: L1.pdf Graphic file (type pdf)
 <use L1.pdf>
Package pdftex.def Info: L1.pdf used on input line 513.
(pdftex.def)             Requested size: 516.73338pt x 422.79434pt.

Overfull \hbox (46.97836pt too wide) in paragraph at lines 513--514
 [] 
 []

<L2.pdf, id=64, 1011.78pt x 650.43pt>
File: L2.pdf Graphic file (type pdf)
 <use L2.pdf>
Package pdftex.def Info: L2.pdf used on input line 521.
(pdftex.def)             Requested size: 516.73338pt x 332.1913pt.

Overfull \hbox (46.97836pt too wide) in paragraph at lines 521--522
 [] 
 []

<L3.pdf, id=65, 1011.78pt x 650.43pt>
File: L3.pdf Graphic file (type pdf)
 <use L3.pdf>
Package pdftex.def Info: L3.pdf used on input line 529.
(pdftex.def)             Requested size: 516.73338pt x 332.1913pt.

Overfull \hbox (46.97836pt too wide) in paragraph at lines 529--530
 [] 
 []

<L4.pdf, id=66, 1011.78pt x 650.43pt>
File: L4.pdf Graphic file (type pdf)
 <use L4.pdf>
Package pdftex.def Info: L4.pdf used on input line 537.
(pdftex.def)             Requested size: 516.73338pt x 332.1913pt.

Overfull \hbox (46.97836pt too wide) in paragraph at lines 537--538
 [] 
 []

<L5.pdf, id=67, 794.97pt x 650.43pt>
File: L5.pdf Graphic file (type pdf)
 <use L5.pdf>
Package pdftex.def Info: L5.pdf used on input line 545.
(pdftex.def)             Requested size: 516.73338pt x 422.79434pt.

Overfull \hbox (46.97836pt too wide) in paragraph at lines 545--546
 [] 
 []

[14] [15 <./L1.pdf>] [16 <./L2.pdf>] [17 <./L3.pdf>] [18 <./L4.pdf>] [19 <./L5.
pdf>]
Underfull \hbox (badness 10000) in paragraph at lines 554--555

 []


Underfull \hbox (badness 10000) in paragraph at lines 562--563

 []

[20] (./20180520.bbl
Underfull \hbox (badness 7273) in paragraph at lines 17--25
[]\OT1/ppl/m/n/10.95 Gene H. Golub, Michael Heath, and Grace Wahba.  Gen-er-al-
ized Cross-Validation
 []


Underfull \hbox (badness 10000) in paragraph at lines 17--25
\OT1/ppl/m/n/10.95 as a Method for Choos-ing a Good Ridge Pa-ram-e-ter.  \OT1/p
pl/m/it/10.95 Tech-no-met-rics\OT1/ppl/m/n/10.95 , 21(2):215--
 []


Underfull \hbox (badness 5741) in paragraph at lines 17--25
\OT1/ppl/m/n/10.95 223, May 1979.  ISSN 0040-1706.  doi: 10.1080/00401706.1979.
10489751.  URL
 []


Underfull \hbox (badness 1990) in paragraph at lines 28--35
\OT1/ppl/m/it/10.95 ing: Data Min-ing, In-fer-ence, and Pre-dic-tion, Sec-ond E
di-tion\OT1/ppl/m/n/10.95 .  Springer Se-ries in Statis-
 []


Underfull \hbox (badness 4303) in paragraph at lines 28--35
\OT1/ppl/m/n/10.95 tics. Springer-Verlag, New York, 2 edi-tion, 2009.  ISBN 978
-0-387-84857-0.  URL
 []

Missing character: There is no ‚ in font pplr7t!
Missing character: There is no Ä in font pplr7t!
Missing character: There is no ê in font pplr7t!

Underfull \hbox (badness 5681) in paragraph at lines 54--63
[]\OT1/ppl/m/n/10.95 Hurvich Clif-ford M., Si-monoff Jef-frey S., and Tsai Chih
-Ling.  Smooth-ing pa-ram-e-
 []


Underfull \hbox (badness 2913) in paragraph at lines 54--63
\OT1/ppl/m/n/10.95 ter se-lec-tion in non-para-met-ric re-gres-sion us-ing an i
m-proved Akaike in-for-ma-tion cri-
 []


Underfull \hbox (badness 3872) in paragraph at lines 54--63
\OT1/ppl/m/n/10.95 te-rion.  \OT1/ppl/m/it/10.95 Jour-nal of the Royal Sta-tis-
ti-cal So-ci-ety: Se-ries B (Sta-tis-ti-cal Method-ol-ogy)\OT1/ppl/m/n/10.95 , 
60
 []


Underfull \hbox (badness 3271) in paragraph at lines 54--63
\OT1/ppl/m/n/10.95 (2):271--293, Jan-uary 2002.  ISSN 1369-7412.  doi: 10.1111/
1467-9868.00125.  URL
 []


Underfull \hbox (badness 2653) in paragraph at lines 75--84
[]\OT1/ppl/m/n/10.95 William E. Wecker and Craig F. Ans-ley.  The Sig-nal Ex-tr
ac-tion Ap-proach to Non-lin-
 []


Underfull \hbox (badness 1019) in paragraph at lines 75--84
\OT1/ppl/m/n/10.95 ear Re-gres-sion and Spline Smooth-ing.  \OT1/ppl/m/it/10.95
 Jour-nal of the Amer-i-can Sta-tis-ti-cal As-so-ci-a-tion\OT1/ppl/m/n/10.95 , 
78
 []


Underfull \hbox (badness 1406) in paragraph at lines 96--104
[]\OT1/ppl/m/n/10.95 Grace Wahba.  A Com-par-i-son of GCV and GML for Choos-ing
 the Smooth-ing Pa-ram-e-
 []


Underfull \hbox (badness 1142) in paragraph at lines 96--104
\OT1/ppl/m/n/10.95 ter in the Gen-er-al-ized Spline Smooth-ing Prob-lem.  \OT1/
ppl/m/it/10.95 The An-nals of Statis-tics\OT1/ppl/m/n/10.95 , 13(4):1378--
 []


Underfull \hbox (badness 1406) in paragraph at lines 106--114
[]\OT1/ppl/m/n/10.95 Xiang Zhan, Anna Plantinga, Ni Zhao, and Michael C. Wu.  A
 fast small-sample ker-
 []


Underfull \hbox (badness 1005) in paragraph at lines 106--114
\OT1/ppl/m/n/10.95 nel in-de-pen-dence test for mi-cro-biome community-level as
-so-ci-a-tion anal-y-sis.  \OT1/ppl/m/it/10.95 Bio-met-rics\OT1/ppl/m/n/10.95 ,

 []


Underfull \hbox (badness 1953) in paragraph at lines 106--114
\OT1/ppl/m/n/10.95 73(4):1453--1463, De-cem-ber 2017.  ISSN 0006-341X.  doi: 10
.1111/biom.12684.  URL
 []


Underfull \hbox (badness 1924) in paragraph at lines 116--122
[]\OT1/ppl/m/n/10.95 Michael L. Stein.  \OT1/ppl/m/it/10.95 In-ter-po-la-tion o
f Spa-tial Data: Some The-ory for Krig-ing\OT1/ppl/m/n/10.95 .  Springer Se-
 []


Underfull \hbox (badness 2970) in paragraph at lines 116--122
\OT1/ppl/m/n/10.95 ries in Statis-tics. Springer-Verlag, New York, 1999.  ISBN 
978-0-387-98629-6.  URL
 []

[21

]
Missing character: There is no ≈ in font pplr7t!
Missing character: There is no Ø in font pplr7t!
Missing character: There is no ≈ in font pplr7t!
Missing character: There is no æ in font pplr7t!
Missing character: There is no √ in font pplr7t!
Missing character: There is no ° in font pplr7t!
) [22] (./20180520.aux)

LaTeX Warning: There were multiply-defined labels.

 ) 
Here is how much of TeX's memory you used:
 8426 strings out of 493014
 111499 string characters out of 6133351
 196202 words of memory out of 5000000
 11778 multiletter control sequences out of 15000+600000
 39090 words of font info for 115 fonts, out of 8000000 for 9000
 1141 hyphenation exceptions out of 8191
 44i,13n,42p,1608b,417s stack positions out of 5000i,500n,10000p,200000b,80000s
{/usr/local/texlive/2016/texmf-dist/fonts/enc/dvips/base/8r.enc}</usr/local/t
exlive/2016/texmf-dist/fonts/type1/public/amsfonts/cm/cmex10.pfb></usr/local/te
xlive/2016/texmf-dist/fonts/type1/public/amsfonts/cm/cmmi7.pfb></usr/local/texl
ive/2016/texmf-dist/fonts/type1/public/amsfonts/cm/cmsy10.pfb></usr/local/texli
ve/2016/texmf-dist/fonts/type1/public/amsfonts/cm/cmsy7.pfb></usr/local/texlive
/2016/texmf-dist/fonts/type1/public/amsfonts/euler/euex10.pfb></usr/local/texli
ve/2016/texmf-dist/fonts/type1/public/amsfonts/euler/eufm10.pfb></usr/local/tex
live/2016/texmf-dist/fonts/type1/public/amsfonts/euler/eufm7.pfb></usr/local/te
xlive/2016/texmf-dist/fonts/type1/public/amsfonts/euler/eurb10.pfb></usr/local/
texlive/2016/texmf-dist/fonts/type1/public/amsfonts/euler/eurb7.pfb></usr/local
/texlive/2016/texmf-dist/fonts/type1/public/amsfonts/euler/eurm10.pfb></usr/loc
al/texlive/2016/texmf-dist/fonts/type1/public/amsfonts/euler/eurm7.pfb></usr/lo
cal/texlive/2016/texmf-dist/fonts/type1/public/amsfonts/euler/eusm10.pfb></usr/
local/texlive/2016/texmf-dist/fonts/type1/public/mathpazo/fplmbb.pfb></usr/loca
l/texlive/2016/texmf-dist/fonts/type1/public/amsfonts/symbols/msam10.pfb></usr/
local/texlive/2016/texmf-dist/fonts/type1/urw/courier/ucrr8a.pfb></usr/local/te
xlive/2016/texmf-dist/fonts/type1/urw/palatino/uplb8a.pfb></usr/local/texlive/2
016/texmf-dist/fonts/type1/urw/palatino/uplr8a.pfb></usr/local/texlive/2016/tex
mf-dist/fonts/type1/urw/palatino/uplr8a.pfb></usr/local/texlive/2016/texmf-dist
/fonts/type1/urw/palatino/uplri8a.pfb>
Output written on 20180520.pdf (22 pages, 305900 bytes).
PDF statistics:
 188 PDF objects out of 1000 (max. 8388607)
 133 compressed objects within 2 object streams
 0 named destinations out of 1000 (max. 500000)
 26 words of extra memory for PDF output out of 10000 (max. 10000000)

